2020/01/08 19:30:24.516 Info   Starting JoyToKey v6.3
2020/01/08 19:30:24.516 Info   ExeFile = D:\downloads\JoyToKey_en\JoyToKey.exe
2020/01/08 19:30:24.516 Info   Args = D:\downloads\JoyToKey_en\JoyToKey.exe
2020/01/08 19:30:24.517 Info   ConfigDir = C:\Users\Matthias\Documents\JoyToKey\
2020/01/08 19:30:24.517 Info   IniFile = C:\Users\Matthias\Documents\JoyToKey\JoyToKey.ini
2020/01/08 19:30:24.517 Info   Windows Version = 6.2
2020/01/08 19:30:24.517 Info   Loaded VistaAPI.dll (Utils\Utils.cpp#232)
2020/01/08 19:30:24.518 Info   Loading ini file: C:\Users\Matthias\Documents\JoyToKey\JoyToKey.ini (AppInfo.cpp#232)
2020/01/08 19:30:24.518 Info   LicenseKey "" is not valid
2020/01/08 19:30:24.591 Info   Loading XInput1_3.dll (Joystick.cpp#128)
2020/01/08 19:30:24.593 Info   Initialized XInput (Joystick.cpp#146)
2020/01/08 19:30:24.645 Info   Detected a DI joystick: {88D2B030-3246-11EA-8002-444553540000}, GameCube Controller Adapter, GameCube Controller Adapter
2020/01/08 19:30:24.648 Info   numAxis = 6
2020/01/08 19:30:24.648 Info   numPOVs = 1
2020/01/08 19:30:24.648 Info   numButtons = 16
2020/01/08 19:30:24.648 Info   EnumDeviceObject: Axis offset=0 type=502 name=Z Rotation
2020/01/08 19:30:24.648 Info   EnumDeviceObject: Axis offset=4 type=202 name=Z Axis
2020/01/08 19:30:24.648 Info   EnumDeviceObject: Axis offset=8 type=102 name=Y Axis
2020/01/08 19:30:24.648 Info   EnumDeviceObject: Axis offset=12 type=2 name=X Axis
2020/01/08 19:30:24.648 Info   EnumDeviceObject: Axis offset=16 type=402 name=Y Rotation
2020/01/08 19:30:24.648 Info   EnumDeviceObject: Axis offset=20 type=302 name=X Rotation
2020/01/08 19:30:24.654 Info   Detected a DI joystick: {88D2B030-3246-11EA-8001-444553540000}, GameCube Controller Adapter, GameCube Controller Adapter
2020/01/08 19:30:24.654 Info   numAxis = 6
2020/01/08 19:30:24.654 Info   numPOVs = 1
2020/01/08 19:30:24.654 Info   numButtons = 16
2020/01/08 19:30:24.654 Info   EnumDeviceObject: Axis offset=0 type=502 name=Z Rotation
2020/01/08 19:30:24.654 Info   EnumDeviceObject: Axis offset=4 type=202 name=Z Axis
2020/01/08 19:30:24.654 Info   EnumDeviceObject: Axis offset=8 type=102 name=Y Axis
2020/01/08 19:30:24.654 Info   EnumDeviceObject: Axis offset=12 type=2 name=X Axis
2020/01/08 19:30:24.654 Info   EnumDeviceObject: Axis offset=16 type=402 name=Y Rotation
2020/01/08 19:30:24.656 Info   EnumDeviceObject: Axis offset=20 type=302 name=X Rotation
2020/01/08 19:30:24.660 Info   Detected a DI joystick: {88D52130-3246-11EA-8003-444553540000}, GameCube Controller Adapter, GameCube Controller Adapter
2020/01/08 19:30:24.661 Info   numAxis = 6
2020/01/08 19:30:24.661 Info   numPOVs = 1
2020/01/08 19:30:24.661 Info   numButtons = 16
2020/01/08 19:30:24.661 Info   EnumDeviceObject: Axis offset=0 type=502 name=Z Rotation
2020/01/08 19:30:24.661 Info   EnumDeviceObject: Axis offset=4 type=202 name=Z Axis
2020/01/08 19:30:24.661 Info   EnumDeviceObject: Axis offset=8 type=102 name=Y Axis
2020/01/08 19:30:24.662 Info   EnumDeviceObject: Axis offset=12 type=2 name=X Axis
2020/01/08 19:30:24.662 Info   EnumDeviceObject: Axis offset=16 type=402 name=Y Rotation
2020/01/08 19:30:24.662 Info   EnumDeviceObject: Axis offset=20 type=302 name=X Rotation
2020/01/08 19:30:24.666 Info   Detected a DI joystick: {88D52130-3246-11EA-8004-444553540000}, GameCube Controller Adapter, GameCube Controller Adapter
2020/01/08 19:30:24.668 Info   numAxis = 6
2020/01/08 19:30:24.668 Info   numPOVs = 1
2020/01/08 19:30:24.668 Info   numButtons = 16
2020/01/08 19:30:24.668 Info   EnumDeviceObject: Axis offset=0 type=502 name=Z Rotation
2020/01/08 19:30:24.668 Info   EnumDeviceObject: Axis offset=4 type=202 name=Z Axis
2020/01/08 19:30:24.668 Info   EnumDeviceObject: Axis offset=8 type=102 name=Y Axis
2020/01/08 19:30:24.668 Info   EnumDeviceObject: Axis offset=12 type=2 name=X Axis
2020/01/08 19:30:24.668 Info   EnumDeviceObject: Axis offset=16 type=402 name=Y Rotation
2020/01/08 19:30:24.668 Info   EnumDeviceObject: Axis offset=20 type=302 name=X Rotation
2020/01/08 19:30:24.669 Info   DetectJoysticks: Detected 4 DI joystick(s)
2020/01/08 19:30:24.676 Info   Joystick #1: GameCube Controller Adapter
2020/01/08 19:30:24.676 Info   Joystick #2: GameCube Controller Adapter
2020/01/08 19:30:24.676 Info   Joystick #3: GameCube Controller Adapter
2020/01/08 19:30:24.676 Info   Joystick #4: GameCube Controller Adapter
2020/01/08 19:30:24.676 Info   4 joysticks are detected (Joystick.cpp#168)
2020/01/08 19:30:24.676 Info   ConfigDir=C:\Users\Matthias\Documents\JoyToKey\*.cfg (ConfigFileManager.cpp#43)
2020/01/08 19:30:24.677 Info   Failed to find AppLink.dat (AppLink\AppLinkManager.cpp#32)
2020/01/08 19:30:24.699 Info   TimerInit: Initializing timer with x1 speed mode (interval = 16 msec)
2020/01/08 19:39:01.746 Info   Save config file "Profile 1" (ConfigFileManager.cpp#425)
2020/01/08 19:39:06.521 Info   Save config file "Profile 1" (ConfigFileManager.cpp#425)
2020/01/08 19:39:21.071 Info   Save config file "battleBotsProfile" (ConfigFileManager.cpp#425)
